<?xml version="1.0" encoding="UTF-8"?>
<!-- Generated by org.testng.reporters.JUnitReportReporter -->
<testsuite skipped="0" hostname="DESKTOP-7OGVSBN" name="com.rjs.FirstMaven.FirstTestNG" tests="2" failures="0" timestamp="13 Mar 2019 18:03:53 GMT" time="0.016" errors="0">
  <testcase name="test2" time="0.000" classname="com.rjs.FirstMaven.FirstTestNG"/>
  <testcase name="test1" time="0.016" classname="com.rjs.FirstMaven.FirstTestNG"/>
</testsuite> <!-- com.rjs.FirstMaven.FirstTestNG -->
